# JRE version: Java(TM) SE Runtime Environment (8.0_221-b11) (build 1.8.0_221-b11)
# Java VM: Java HotSpot(TM) 64-Bit Server VM (25.221-b11 mixed mode windows-amd64 compressed oops)
Heap:
 PSYoungGen      total 247808K, used 20678K [0x0000000780600000, 0x0000000794c80000, 0x00000007c0000000)
  eden space 229888K, 2% used [0x0000000780600000,0x0000000780c3cc90,0x000000078e680000)
  from space 17920K, 79% used [0x000000078e680000,0x000000078f474f40,0x000000078f800000)
  to   space 18432K, 0% used [0x0000000793a80000,0x0000000793a80000,0x0000000794c80000)
 ParOldGen       total 162816K, used 23023K [0x0000000701200000, 0x000000070b100000, 0x0000000780600000)
  object space 162816K, 14% used [0x0000000701200000,0x000000070287bf20,0x000000070b100000)
 Metaspace       used 69687K, capacity 70216K, committed 70488K, reserved 1110016K
  class space    used 10396K, capacity 10548K, committed 10624K, reserved 1048576K
GC Heap History (10 events):
Event: 7.483 GC heap before
{Heap before GC invocations=8 (full 2):
 PSYoungGen      total 159232K, used 7677K [0x0000000780600000, 0x000000078bb00000, 0x00000007c0000000)
  eden space 151552K, 0% used [0x0000000780600000,0x0000000780600000,0x0000000789a00000)
  from space 7680K, 99% used [0x000000078a480000,0x000000078abff6f8,0x000000078ac00000)
  to   space 10752K, 0% used [0x0000000789a00000,0x0000000789a00000,0x000000078a480000)
 ParOldGen       total 76800K, used 11105K [0x0000000701200000, 0x0000000705d00000, 0x0000000780600000)
  object space 76800K, 14% used [0x0000000701200000,0x0000000701cd84b0,0x0000000705d00000)
 Metaspace       used 34899K, capacity 35088K, committed 35416K, reserved 1079296K
  class space    used 4874K, capacity 4945K, committed 4992K, reserved 1048576K
Event: 7.543 GC heap after
Heap after GC invocations=8 (full 2):
 PSYoungGen      total 159232K, used 0K [0x0000000780600000, 0x000000078bb00000, 0x00000007c0000000)
  eden space 151552K, 0% used [0x0000000780600000,0x0000000780600000,0x0000000789a00000)
  from space 7680K, 0% used [0x000000078a480000,0x000000078a480000,0x000000078ac00000)
  to   space 10752K, 0% used [0x0000000789a00000,0x0000000789a00000,0x000000078a480000)
 ParOldGen       total 118784K, used 16281K [0x0000000701200000, 0x0000000708600000, 0x0000000780600000)
  object space 118784K, 13% used [0x0000000701200000,0x00000007021e6598,0x0000000708600000)
 Metaspace       used 34899K, capacity 35088K, committed 35416K, reserved 1079296K
  class space    used 4874K, capacity 4945K, committed 4992K, reserved 1048576K
}
Event: 10.738 GC heap before
{Heap before GC invocations=9 (full 2):
 PSYoungGen      total 159232K, used 151552K [0x0000000780600000, 0x000000078bb00000, 0x00000007c0000000)
  eden space 151552K, 100% used [0x0000000780600000,0x0000000789a00000,0x0000000789a00000)
  from space 7680K, 0% used [0x000000078a480000,0x000000078a480000,0x000000078ac00000)
  to   space 10752K, 0% used [0x0000000789a00000,0x0000000789a00000,0x000000078a480000)
 ParOldGen       total 118784K, used 16281K [0x0000000701200000, 0x0000000708600000, 0x0000000780600000)
  object space 118784K, 13% used [0x0000000701200000,0x00000007021e6598,0x0000000708600000)
 Metaspace       used 51972K, capacity 52270K, committed 52824K, reserved 1093632K
  class space    used 7595K, capacity 7705K, committed 7808K, reserved 1048576K
Event: 10.759 GC heap after
Heap after GC invocations=9 (full 2):
 PSYoungGen      total 162304K, used 10746K [0x0000000780600000, 0x0000000790980000, 0x00000007c0000000)
  eden space 151552K, 0% used [0x0000000780600000,0x0000000780600000,0x0000000789a00000)
  from space 10752K, 99% used [0x0000000789a00000,0x000000078a47ea48,0x000000078a480000)
  to   space 16384K, 0% used [0x000000078f980000,0x000000078f980000,0x0000000790980000)
 ParOldGen       total 118784K, used 24987K [0x0000000701200000, 0x0000000708600000, 0x0000000780600000)
  object space 118784K, 21% used [0x0000000701200000,0x0000000702a66f30,0x0000000708600000)
 Metaspace       used 51972K, capacity 52270K, committed 52824K, reserved 1093632K
  class space    used 7595K, capacity 7705K, committed 7808K, reserved 1048576K
}
Event: 12.320 GC heap before
{Heap before GC invocations=10 (full 2):
 PSYoungGen      total 162304K, used 108327K [0x0000000780600000, 0x0000000790980000, 0x00000007c0000000)
  eden space 151552K, 64% used [0x0000000780600000,0x000000078654b580,0x0000000789a00000)
  from space 10752K, 99% used [0x0000000789a00000,0x000000078a47ea48,0x000000078a480000)
  to   space 16384K, 0% used [0x000000078f980000,0x000000078f980000,0x0000000790980000)
 ParOldGen       total 118784K, used 24987K [0x0000000701200000, 0x0000000708600000, 0x0000000780600000)
  object space 118784K, 21% used [0x0000000701200000,0x0000000702a66f30,0x0000000708600000)
 Metaspace       used 58260K, capacity 58490K, committed 58968K, reserved 1099776K
  class space    used 8642K, capacity 8731K, committed 8832K, reserved 1048576K
Event: 12.338 GC heap after
Heap after GC invocations=10 (full 2):
 PSYoungGen      total 246272K, used 14680K [0x0000000780600000, 0x0000000790980000, 0x00000007c0000000)
  eden space 229888K, 0% used [0x0000000780600000,0x0000000780600000,0x000000078e680000)
  from space 16384K, 89% used [0x000000078f980000,0x00000007907d6080,0x0000000790980000)
  to   space 17920K, 0% used [0x000000078e680000,0x000000078e680000,0x000000078f800000)
 ParOldGen       total 118784K, used 24995K [0x0000000701200000, 0x0000000708600000, 0x0000000780600000)
  object space 118784K, 21% used [0x0000000701200000,0x0000000702a68f30,0x0000000708600000)
 Metaspace       used 58260K, capacity 58490K, committed 58968K, reserved 1099776K
  class space    used 8642K, capacity 8731K, committed 8832K, reserved 1048576K
}
Event: 12.338 GC heap before
{Heap before GC invocations=11 (full 3):
 PSYoungGen      total 246272K, used 14680K [0x0000000780600000, 0x0000000790980000, 0x00000007c0000000)
  eden space 229888K, 0% used [0x0000000780600000,0x0000000780600000,0x000000078e680000)
  from space 16384K, 89% used [0x000000078f980000,0x00000007907d6080,0x0000000790980000)
  to   space 17920K, 0% used [0x000000078e680000,0x000000078e680000,0x000000078f800000)
 ParOldGen       total 118784K, used 24995K [0x0000000701200000, 0x0000000708600000, 0x0000000780600000)
  object space 118784K, 21% used [0x0000000701200000,0x0000000702a68f30,0x0000000708600000)
 Metaspace       used 58260K, capacity 58490K, committed 58968K, reserved 1099776K
  class space    used 8642K, capacity 8731K, committed 8832K, reserved 1048576K
Event: 12.483 GC heap after
Heap after GC invocations=11 (full 3):
 PSYoungGen      total 246272K, used 0K [0x0000000780600000, 0x0000000790980000, 0x00000007c0000000)
  eden space 229888K, 0% used [0x0000000780600000,0x0000000780600000,0x000000078e680000)
  from space 16384K, 0% used [0x000000078f980000,0x000000078f980000,0x0000000790980000)
  to   space 17920K, 0% used [0x000000078e680000,0x000000078e680000,0x000000078f800000)
 ParOldGen       total 162816K, used 23015K [0x0000000701200000, 0x000000070b100000, 0x0000000780600000)
  object space 162816K, 14% used [0x0000000701200000,0x0000000702879f20,0x000000070b100000)
 Metaspace       used 58260K, capacity 58490K, committed 58968K, reserved 1099776K
  class space    used 8642K, capacity 8731K, committed 8832K, reserved 1048576K
}
Event: 15.592 GC heap before
{Heap before GC invocations=12 (full 3):
 PSYoungGen      total 246272K, used 229888K [0x0000000780600000, 0x0000000790980000, 0x00000007c0000000)
  eden space 229888K, 100% used [0x0000000780600000,0x000000078e680000,0x000000078e680000)
  from space 16384K, 0% used [0x000000078f980000,0x000000078f980000,0x0000000790980000)
  to   space 17920K, 0% used [0x000000078e680000,0x000000078e680000,0x000000078f800000)
 ParOldGen       total 162816K, used 23015K [0x0000000701200000, 0x000000070b100000, 0x0000000780600000)
  object space 162816K, 14% used [0x0000000701200000,0x0000000702879f20,0x000000070b100000)
 Metaspace       used 69676K, capacity 70184K, committed 70488K, reserved 1110016K
  class space    used 10394K, capacity 10516K, committed 10624K, reserved 1048576K
Event: 15.683 GC heap after
Heap after GC invocations=12 (full 3):
 PSYoungGen      total 247808K, used 14291K [0x0000000780600000, 0x0000000794c80000, 0x00000007c0000000)
  eden space 229888K, 0% used [0x0000000780600000,0x0000000780600000,0x000000078e680000)
  from space 17920K, 79% used [0x000000078e680000,0x000000078f474f40,0x000000078f800000)
  to   space 18432K, 0% used [0x0000000793a80000,0x0000000793a80000,0x0000000794c80000)
 ParOldGen       total 162816K, used 23023K [0x0000000701200000, 0x000000070b100000, 0x0000000780600000)
  object space 162816K, 14% used [0x0000000701200000,0x000000070287bf20,0x000000070b100000)
 Metaspace       used 69676K, capacity 70184K, committed 70488K, reserved 1110016K
  class space    used 10394K, capacity 10516K, committed 10624K, reserved 1048576K
}

