# JRE version: Java(TM) SE Runtime Environment (8.0_221-b11) (build 1.8.0_221-b11)
# Java VM: Java HotSpot(TM) 64-Bit Server VM (25.221-b11 mixed mode windows-amd64 compressed oops)
Heap:
 PSYoungGen      total 257536K, used 240640K [0x0000000780600000, 0x0000000792b00000, 0x00000007c0000000)
  eden space 240640K, 100% used [0x0000000780600000,0x000000078f100000,0x000000078f100000)
  from space 16896K, 0% used [0x0000000790300000,0x0000000790300000,0x0000000791380000)
  to   space 18432K, 45% used [0x000000078f100000,0x000000078f929e10,0x0000000790300000)
 ParOldGen       total 111616K, used 22863K [0x0000000701200000, 0x0000000707f00000, 0x0000000780600000)
  object space 111616K, 20% used [0x0000000701200000,0x0000000702853e60,0x0000000707f00000)
 Metaspace       used 69695K, capacity 70212K, committed 70488K, reserved 1110016K
  class space    used 10395K, capacity 10548K, committed 10624K, reserved 1048576K
GC Heap History (10 events):
Event: 6.474 GC heap after
Heap after GC invocations=7 (full 1):
 PSYoungGen      total 166400K, used 7651K [0x0000000780600000, 0x000000078bc00000, 0x00000007c0000000)
  eden space 158720K, 0% used [0x0000000780600000,0x0000000780600000,0x000000078a100000)
  from space 7680K, 99% used [0x000000078ab80000,0x000000078b2f8db8,0x000000078b300000)
  to   space 10752K, 0% used [0x000000078a100000,0x000000078a100000,0x000000078ab80000)
 ParOldGen       total 71168K, used 11119K [0x0000000701200000, 0x0000000705780000, 0x0000000780600000)
  object space 71168K, 15% used [0x0000000701200000,0x0000000701cdbea0,0x0000000705780000)
 Metaspace       used 34901K, capacity 35084K, committed 35416K, reserved 1079296K
  class space    used 4873K, capacity 4945K, committed 4992K, reserved 1048576K
}
Event: 6.474 GC heap before
{Heap before GC invocations=8 (full 2):
 PSYoungGen      total 166400K, used 7651K [0x0000000780600000, 0x000000078bc00000, 0x00000007c0000000)
  eden space 158720K, 0% used [0x0000000780600000,0x0000000780600000,0x000000078a100000)
  from space 7680K, 99% used [0x000000078ab80000,0x000000078b2f8db8,0x000000078b300000)
  to   space 10752K, 0% used [0x000000078a100000,0x000000078a100000,0x000000078ab80000)
 ParOldGen       total 71168K, used 11119K [0x0000000701200000, 0x0000000705780000, 0x0000000780600000)
  object space 71168K, 15% used [0x0000000701200000,0x0000000701cdbea0,0x0000000705780000)
 Metaspace       used 34901K, capacity 35084K, committed 35416K, reserved 1079296K
  class space    used 4873K, capacity 4945K, committed 4992K, reserved 1048576K
Event: 6.534 GC heap after
Heap after GC invocations=8 (full 2):
 PSYoungGen      total 166400K, used 0K [0x0000000780600000, 0x000000078bc00000, 0x00000007c0000000)
  eden space 158720K, 0% used [0x0000000780600000,0x0000000780600000,0x000000078a100000)
  from space 7680K, 0% used [0x000000078ab80000,0x000000078ab80000,0x000000078b300000)
  to   space 10752K, 0% used [0x000000078a100000,0x000000078a100000,0x000000078ab80000)
 ParOldGen       total 111616K, used 16263K [0x0000000701200000, 0x0000000707f00000, 0x0000000780600000)
  object space 111616K, 14% used [0x0000000701200000,0x00000007021e1d98,0x0000000707f00000)
 Metaspace       used 34901K, capacity 35084K, committed 35416K, reserved 1079296K
  class space    used 4873K, capacity 4945K, committed 4992K, reserved 1048576K
}
Event: 9.108 GC heap before
{Heap before GC invocations=9 (full 2):
 PSYoungGen      total 166400K, used 158720K [0x0000000780600000, 0x000000078bc00000, 0x00000007c0000000)
  eden space 158720K, 100% used [0x0000000780600000,0x000000078a100000,0x000000078a100000)
  from space 7680K, 0% used [0x000000078ab80000,0x000000078ab80000,0x000000078b300000)
  to   space 10752K, 0% used [0x000000078a100000,0x000000078a100000,0x000000078ab80000)
 ParOldGen       total 111616K, used 16263K [0x0000000701200000, 0x0000000707f00000, 0x0000000780600000)
  object space 111616K, 14% used [0x0000000701200000,0x00000007021e1d98,0x0000000707f00000)
 Metaspace       used 52099K, capacity 52298K, committed 52696K, reserved 1093632K
  class space    used 7616K, capacity 7673K, committed 7680K, reserved 1048576K
Event: 9.130 GC heap after
Heap after GC invocations=9 (full 2):
 PSYoungGen      total 169472K, used 10736K [0x0000000780600000, 0x0000000791380000, 0x00000007c0000000)
  eden space 158720K, 0% used [0x0000000780600000,0x0000000780600000,0x000000078a100000)
  from space 10752K, 99% used [0x000000078a100000,0x000000078ab7c030,0x000000078ab80000)
  to   space 16896K, 0% used [0x0000000790300000,0x0000000790300000,0x0000000791380000)
 ParOldGen       total 111616K, used 26309K [0x0000000701200000, 0x0000000707f00000, 0x0000000780600000)
  object space 111616K, 23% used [0x0000000701200000,0x0000000702bb1578,0x0000000707f00000)
 Metaspace       used 52099K, capacity 52298K, committed 52696K, reserved 1093632K
  class space    used 7616K, capacity 7673K, committed 7680K, reserved 1048576K
}
Event: 10.430 GC heap before
{Heap before GC invocations=10 (full 2):
 PSYoungGen      total 169472K, used 103014K [0x0000000780600000, 0x0000000791380000, 0x00000007c0000000)
  eden space 158720K, 58% used [0x0000000780600000,0x000000078601db70,0x000000078a100000)
  from space 10752K, 99% used [0x000000078a100000,0x000000078ab7c030,0x000000078ab80000)
  to   space 16896K, 0% used [0x0000000790300000,0x0000000790300000,0x0000000791380000)
 ParOldGen       total 111616K, used 26309K [0x0000000701200000, 0x0000000707f00000, 0x0000000780600000)
  object space 111616K, 23% used [0x0000000701200000,0x0000000702bb1578,0x0000000707f00000)
 Metaspace       used 58256K, capacity 58486K, committed 58968K, reserved 1099776K
  class space    used 8636K, capacity 8731K, committed 8832K, reserved 1048576K
Event: 10.528 GC heap after
Heap after GC invocations=10 (full 2):
 PSYoungGen      total 257536K, used 14531K [0x0000000780600000, 0x0000000792b00000, 0x00000007c0000000)
  eden space 240640K, 0% used [0x0000000780600000,0x0000000780600000,0x000000078f100000)
  from space 16896K, 86% used [0x0000000790300000,0x0000000791130dc8,0x0000000791380000)
  to   space 18432K, 0% used [0x000000078f100000,0x000000078f100000,0x0000000790300000)
 ParOldGen       total 111616K, used 26317K [0x0000000701200000, 0x0000000707f00000, 0x0000000780600000)
  object space 111616K, 23% used [0x0000000701200000,0x0000000702bb3578,0x0000000707f00000)
 Metaspace       used 58256K, capacity 58486K, committed 58968K, reserved 1099776K
  class space    used 8636K, capacity 8731K, committed 8832K, reserved 1048576K
}
Event: 10.528 GC heap before
{Heap before GC invocations=11 (full 3):
 PSYoungGen      total 257536K, used 14531K [0x0000000780600000, 0x0000000792b00000, 0x00000007c0000000)
  eden space 240640K, 0% used [0x0000000780600000,0x0000000780600000,0x000000078f100000)
  from space 16896K, 86% used [0x0000000790300000,0x0000000791130dc8,0x0000000791380000)
  to   space 18432K, 0% used [0x000000078f100000,0x000000078f100000,0x0000000790300000)
 ParOldGen       total 111616K, used 26317K [0x0000000701200000, 0x0000000707f00000, 0x0000000780600000)
  object space 111616K, 23% used [0x0000000701200000,0x0000000702bb3578,0x0000000707f00000)
 Metaspace       used 58256K, capacity 58486K, committed 58968K, reserved 1099776K
  class space    used 8636K, capacity 8731K, committed 8832K, reserved 1048576K
Event: 10.670 GC heap after
Heap after GC invocations=11 (full 3):
 PSYoungGen      total 257536K, used 0K [0x0000000780600000, 0x0000000792b00000, 0x00000007c0000000)
  eden space 240640K, 0% used [0x0000000780600000,0x0000000780600000,0x000000078f100000)
  from space 16896K, 0% used [0x0000000790300000,0x0000000790300000,0x0000000791380000)
  to   space 18432K, 0% used [0x000000078f100000,0x000000078f100000,0x0000000790300000)
 ParOldGen       total 111616K, used 22855K [0x0000000701200000, 0x0000000707f00000, 0x0000000780600000)
  object space 111616K, 20% used [0x0000000701200000,0x0000000702851e60,0x0000000707f00000)
 Metaspace       used 58256K, capacity 58486K, committed 58968K, reserved 1099776K
  class space    used 8636K, capacity 8731K, committed 8832K, reserved 1048576K
}
Event: 13.811 GC heap before
{Heap before GC invocations=12 (full 3):
 PSYoungGen      total 257536K, used 240640K [0x0000000780600000, 0x0000000792b00000, 0x00000007c0000000)
  eden space 240640K, 100% used [0x0000000780600000,0x000000078f100000,0x000000078f100000)
  from space 16896K, 0% used [0x0000000790300000,0x0000000790300000,0x0000000791380000)
  to   space 18432K, 0% used [0x000000078f100000,0x000000078f100000,0x0000000790300000)
 ParOldGen       total 111616K, used 22855K [0x0000000701200000, 0x0000000707f00000, 0x0000000780600000)
  object space 111616K, 20% used [0x0000000701200000,0x0000000702851e60,0x0000000707f00000)
 Metaspace       used 69695K, capacity 70212K, committed 70488K, reserved 1110016K
  class space    used 10395K, capacity 10548K, committed 10624K, reserved 1048576K

